URL BASE: http://rodrigo-sestari-soap-server.herokuapp.com/ws/people?wsdl 
------------- 
 
Request 1 : readPersonList 
result: PersonBean [id=1, firstname=Jon, lastname=Walker, currentHealth=[MeasureBean [mid=15, dateRegistered=2015-12-1, measureType=newType, measureValue=76, measureValueType=integer], MeasureBean [mid=3, dateRegistered=2015-11-29, measureType=height, measureValue=75, measureValueType=integer], MeasureBean [mid=1, dateRegistered=2015-11-29, measureType=weight, measureValue=83, measureValueType=integer]]] 
result: PersonBean [id=2, firstname=Sonia, lastname=Leo, currentHealth=[MeasureBean [mid=14, dateRegistered=2015-12-1, measureType=height, measureValue=67, measureValueType=integer]]] 
result: PersonBean [id=3, firstname=Matteo, lastname=Butz, currentHealth=[MeasureBean [mid=5, dateRegistered=2015-12-1, measureType=height, measureValue=42, measureValueType=integer]]] 
result: PersonBean [id=4, firstname=Lucca, lastname=Willian, currentHealth=[MeasureBean [mid=8, dateRegistered=2015-12-1, measureType=height, measureValue=22, measureValueType=integer], MeasureBean [mid=7, dateRegistered=2015-12-1, measureType=newType, measureValue=80, measureValueType=integer], MeasureBean [mid=2, dateRegistered=2015-11-29, measureType=weight, measureValue=888, measureValueType=integer]]] 
------------- 
 
Request 2 : readPerson 
readPerson: 1 
result: PersonBean [id=1, firstname=Jon, lastname=Walker, currentHealth=[MeasureBean [mid=15, dateRegistered=2015-12-1, measureType=newType, measureValue=76, measureValueType=integer], MeasureBean [mid=3, dateRegistered=2015-11-29, measureType=height, measureValue=75, measureValueType=integer], MeasureBean [mid=1, dateRegistered=2015-11-29, measureType=weight, measureValue=83, measureValueType=integer]]] 
------------- 
 
Request 3 : updatePerson 
id: 4 
before: Lucca 
result: updatePerson: 1194b589-5da4-47e0-9a2a-7c3f86041853 
------------- 
 
Request 4 : createPerson 
addPerson: PersonBean [id=null, firstname=create 67146708-60e7-4f34-9788-853b34e41b87, lastname=last: Fri Dec 04 21:08:46 CET 2015, currentHealth=[MeasureBean [mid=null, dateRegistered=null, measureType=height, measureValue=89, measureValueType=integer]]] 
result:PersonBean [id=11, firstname=create 67146708-60e7-4f34-9788-853b34e41b87, lastname=last: Fri Dec 04 21:08:46 CET 2015, currentHealth=[MeasureBean [mid=21, dateRegistered=null, measureType=height, measureValue=89, measureValueType=integer]]] 
------------- 
 
Request 5 : deletePerson 
readPerson: 11 
OK 
------------- 
 
Request 6 : readPersonHistory 
readPersonHistory:1 weight 
result: MeasureBean [mid=1, dateRegistered=2015-11-29, measureType=weight, measureValue=83, measureValueType=integer] 
------------- 
 
Request 7 : readMeasureTypes 
result: height 
result: newType 
result: weight 
------------- 
 
Request 8 : readPersonMeasure 
readPersonMeasure: 1 weight 1 
result MeasureBean [mid=1, dateRegistered=2015-11-29, measureType=weight, measureValue=83, measureValueType=integer] 
------------- 
 
Request 9 : savePersonMeasure 
readPersonMeasure 1 newType 22 
resultMeasureBean [mid=22, dateRegistered=2015-12-4, measureType=newType, measureValue=30, measureValueType=integer] 
------------- 
 
Request 10 : savePersonMeasure 
readPersonMeasure: 1 newType 22 
resultMeasureBean [mid=22, dateRegistered=2015-12-4, measureType=newType, measureValue=99, measureValueType=integer] 
------------- 
 
